<?xml version="1.0" encoding="UTF-8"?>
<!-- Generated by org.testng.reporters.JUnitReportReporter -->
<testsuite hostname="Rehan" name="com.qa.testcases.TC1Test3" tests="2" failures="0" timestamp="23 Apr 2021 09:28:36 GMT" time="9.266" errors="0">
  <testcase name="captureImageTest" time="0.001" classname="com.qa.testcases.TC1Test3"/>
  <testcase name="login" time="9.265" classname="com.qa.testcases.TC1Test3"/>
</testsuite> <!-- com.qa.testcases.TC1Test3 -->
