<?xml version="1.0" encoding="UTF-8"?>
<!-- Generated by org.testng.reporters.JUnitReportReporter -->
<testsuite hostname="Rehan" name="com.qa.testcases.TC1Test" tests="2" failures="0" timestamp="23 Apr 2021 11:15:30 GMT" time="11.389" errors="0">
  <testcase name="login" time="11.387" classname="com.qa.testcases.TC1Test"/>
  <testcase name="productPurchased" time="0.002" classname="com.qa.testcases.TC1Test"/>
</testsuite> <!-- com.qa.testcases.TC1Test -->
