<?xml version="1.0" encoding="UTF-8"?>
<!-- Generated by org.testng.reporters.JUnitReportReporter -->
<testsuite hostname="Rehan" name="com.qa.testcases.TC1Test2" tests="2" failures="0" timestamp="23 Apr 2021 09:28:36 GMT" time="8.017" errors="0">
  <testcase name="login" time="8.012" classname="com.qa.testcases.TC1Test2"/>
  <testcase name="viewMsg" time="0.005" classname="com.qa.testcases.TC1Test2"/>
</testsuite> <!-- com.qa.testcases.TC1Test2 -->
